<?xml version="1.0" encoding="UTF-8"?>
<testsuite name="carTest" tests="1" skipped="0" failures="0" errors="0" timestamp="2023-09-24T14:34:01" hostname="CORTOMALTESE" time="0.01">
  <properties/>
  <testcase name="car()" classname="carTest" time="0.01"/>
  <system-out><![CDATA[]]></system-out>
  <system-err><![CDATA[]]></system-err>
</testsuite>
